<?xml version="1.0" encoding="UTF-8"?>
<!-- Generated by org.testng.reporters.JUnitReportReporter -->
<testsuite hostname="LAPTOP-I33T45KV" failures="0" tests="1" name="com.regressionTest.LoginPageTest" time="4.787" errors="0" timestamp="2023-01-20T13:07:42 IST" skipped="0">
  <testcase classname="com.regressionTest.LoginPageTest" name="loginverification" time="4.787"/>
  <system-out/>
</testsuite> <!-- com.regressionTest.LoginPageTest -->
